<?xml version="1.0" encoding="UTF-8"?>
<testng-results ignored="0" total="3" passed="2" failed="1" skipped="0">
  <reporter-output>
  </reporter-output>
  <suite started-at="2022-04-16T20:08:27 EDT" name="Suite" finished-at="2022-04-16T20:11:37 EDT" duration-ms="190205">
    <groups>
    </groups>
    <test started-at="2022-04-16T20:08:27 EDT" name="Test" finished-at="2022-04-16T20:11:37 EDT" duration-ms="190205">
      <class name="E2ERSAProject.RSAProject.landingPage">
        <test-method is-config="true" signature="browserinitialize()[pri:0, instance:E2ERSAProject.RSAProject.landingPage@1df82230]" started-at="2022-04-16T20:08:27 EDT" name="browserinitialize" finished-at="2022-04-16T20:08:42 EDT" duration-ms="15084" status="PASS">
          <reporter-output>
          </reporter-output>
        </test-method> <!-- browserinitialize -->
        <test-method signature="landingpagevalidation(java.lang.String,java.lang.String)[pri:0, instance:E2ERSAProject.RSAProject.landingPage@1df82230]" started-at="2022-04-16T20:11:04 EDT" name="landingpagevalidation" data-provider="userdata" finished-at="2022-04-16T20:11:11 EDT" duration-ms="7058" status="PASS">
          <params>
            <param index="0">
              <value>
                <![CDATA[nadhima28@gmail.com]]>
              </value>
            </param>
            <param index="1">
              <value>
                <![CDATA[12345]]>
              </value>
            </param>
          </params>
          <reporter-output>
          </reporter-output>
        </test-method> <!-- landingpagevalidation -->
        <test-method signature="landingpagevalidation(java.lang.String,java.lang.String)[pri:0, instance:E2ERSAProject.RSAProject.landingPage@1df82230]" started-at="2022-04-16T20:11:11 EDT" name="landingpagevalidation" data-provider="userdata" finished-at="2022-04-16T20:11:21 EDT" duration-ms="10089" status="FAIL">
          <params>
            <param index="0">
              <value>
                <![CDATA[ajanths@gmail.com]]>
              </value>
            </param>
            <param index="1">
              <value>
                <![CDATA[4321]]>
              </value>
            </param>
          </params>
          <exception class="org.openqa.selenium.NoSuchElementException">
            <message>
              <![CDATA[no such element: Unable to locate element: {"method":"css selector","selector":".theme-btn.register-btn"}
  (Session info: chrome=100.0.4896.88)
For documentation on this error, please visit: https://selenium.dev/exceptions/#no_such_element
Build info: version: '4.1.3', revision: '7b1ebf28ef'
System info: host: 'TSPORTS-WNQVH17LW2', ip: 'fe80:0:0:0:cbc:3d5c:8754:6014%en0', os.name: 'Mac OS X', os.arch: 'x86_64', os.version: '12.1', java.version: '18'
Driver info: org.openqa.selenium.chrome.ChromeDriver
Command: [db408a1fdb1d25b33c6dd03b9cf675a7, findElement {using=css selector, value=.theme-btn.register-btn}]
Capabilities {acceptInsecureCerts: false, browserName: chrome, browserVersion: 100.0.4896.88, chrome: {chromedriverVersion: 99.0.4844.51 (d537ec02474b5..., userDataDir: /var/folders/wh/x1b9bbws1cs...}, goog:chromeOptions: {debuggerAddress: localhost:62045}, javascriptEnabled: true, networkConnectionEnabled: false, pageLoadStrategy: normal, platform: MAC, platformName: MAC, proxy: Proxy(), se:cdp: ws://localhost:62045/devtoo..., se:cdpVersion: 100.0.4896.88, setWindowRect: true, strictFileInteractability: false, timeouts: {implicit: 0, pageLoad: 300000, script: 30000}, unhandledPromptBehavior: dismiss and notify, webauthn:extension:credBlob: true, webauthn:extension:largeBlob: true, webauthn:virtualAuthenticators: true}
Session ID: db408a1fdb1d25b33c6dd03b9cf675a7]]>
            </message>
            <full-stacktrace>
              <![CDATA[org.openqa.selenium.NoSuchElementException: no such element: Unable to locate element: {"method":"css selector","selector":".theme-btn.register-btn"}
  (Session info: chrome=100.0.4896.88)
For documentation on this error, please visit: https://selenium.dev/exceptions/#no_such_element
Build info: version: '4.1.3', revision: '7b1ebf28ef'
System info: host: 'TSPORTS-WNQVH17LW2', ip: 'fe80:0:0:0:cbc:3d5c:8754:6014%en0', os.name: 'Mac OS X', os.arch: 'x86_64', os.version: '12.1', java.version: '18'
Driver info: org.openqa.selenium.chrome.ChromeDriver
Command: [db408a1fdb1d25b33c6dd03b9cf675a7, findElement {using=css selector, value=.theme-btn.register-btn}]
Capabilities {acceptInsecureCerts: false, browserName: chrome, browserVersion: 100.0.4896.88, chrome: {chromedriverVersion: 99.0.4844.51 (d537ec02474b5..., userDataDir: /var/folders/wh/x1b9bbws1cs...}, goog:chromeOptions: {debuggerAddress: localhost:62045}, javascriptEnabled: true, networkConnectionEnabled: false, pageLoadStrategy: normal, platform: MAC, platformName: MAC, proxy: Proxy(), se:cdp: ws://localhost:62045/devtoo..., se:cdpVersion: 100.0.4896.88, setWindowRect: true, strictFileInteractability: false, timeouts: {implicit: 0, pageLoad: 300000, script: 30000}, unhandledPromptBehavior: dismiss and notify, webauthn:extension:credBlob: true, webauthn:extension:largeBlob: true, webauthn:virtualAuthenticators: true}
Session ID: db408a1fdb1d25b33c6dd03b9cf675a7
at java.base/jdk.internal.reflect.DirectConstructorHandleAccessor.newInstance(DirectConstructorHandleAccessor.java:67)
at java.base/java.lang.reflect.Constructor.newInstanceWithCaller(Constructor.java:499)
at java.base/java.lang.reflect.Constructor.newInstance(Constructor.java:483)
at org.openqa.selenium.remote.codec.w3c.W3CHttpResponseCodec.createException(W3CHttpResponseCodec.java:200)
at org.openqa.selenium.remote.codec.w3c.W3CHttpResponseCodec.decode(W3CHttpResponseCodec.java:133)
at org.openqa.selenium.remote.codec.w3c.W3CHttpResponseCodec.decode(W3CHttpResponseCodec.java:53)
at org.openqa.selenium.remote.HttpCommandExecutor.execute(HttpCommandExecutor.java:184)
at org.openqa.selenium.remote.service.DriverCommandExecutor.invokeExecute(DriverCommandExecutor.java:167)
at org.openqa.selenium.remote.service.DriverCommandExecutor.execute(DriverCommandExecutor.java:142)
at org.openqa.selenium.remote.RemoteWebDriver.execute(RemoteWebDriver.java:567)
at org.openqa.selenium.remote.ElementLocation$ElementFinder$2.findElement(ElementLocation.java:162)
at org.openqa.selenium.remote.ElementLocation.findElement(ElementLocation.java:60)
at org.openqa.selenium.remote.RemoteWebDriver.findElement(RemoteWebDriver.java:385)
at org.openqa.selenium.remote.RemoteWebDriver.findElement(RemoteWebDriver.java:377)
at pageObject.landingpageclass.login(landingpageclass.java:21)
at E2ERSAProject.RSAProject.landingPage.landingpagevalidation(landingPage.java:29)
at java.base/jdk.internal.reflect.DirectMethodHandleAccessor.invoke(DirectMethodHandleAccessor.java:104)
at java.base/java.lang.reflect.Method.invoke(Method.java:577)
at org.testng.internal.invokers.MethodInvocationHelper.invokeMethod(MethodInvocationHelper.java:135)
at org.testng.internal.invokers.TestInvoker.invokeMethod(TestInvoker.java:673)
at org.testng.internal.invokers.TestInvoker.invokeTestMethod(TestInvoker.java:220)
at org.testng.internal.invokers.MethodRunner.runInSequence(MethodRunner.java:50)
at org.testng.internal.invokers.TestInvoker$MethodInvocationAgent.invoke(TestInvoker.java:945)
at org.testng.internal.invokers.TestInvoker.invokeTestMethods(TestInvoker.java:193)
at org.testng.internal.invokers.TestMethodWorker.invokeTestMethods(TestMethodWorker.java:146)
at org.testng.internal.invokers.TestMethodWorker.run(TestMethodWorker.java:128)
at java.base/java.util.ArrayList.forEach(ArrayList.java:1511)
at org.testng.TestRunner.privateRun(TestRunner.java:808)
at org.testng.TestRunner.run(TestRunner.java:603)
at org.testng.SuiteRunner.runTest(SuiteRunner.java:429)
at org.testng.SuiteRunner.runSequentially(SuiteRunner.java:423)
at org.testng.SuiteRunner.privateRun(SuiteRunner.java:383)
at org.testng.SuiteRunner.run(SuiteRunner.java:326)
at org.testng.SuiteRunnerWorker.runSuite(SuiteRunnerWorker.java:52)
at org.testng.SuiteRunnerWorker.run(SuiteRunnerWorker.java:95)
at org.testng.TestNG.runSuitesSequentially(TestNG.java:1249)
at org.testng.TestNG.runSuitesLocally(TestNG.java:1169)
at org.testng.TestNG.runSuites(TestNG.java:1092)
at org.testng.TestNG.run(TestNG.java:1060)
at org.apache.maven.surefire.testng.TestNGExecutor.run(TestNGExecutor.java:324)
at org.apache.maven.surefire.testng.TestNGXmlTestSuite.execute(TestNGXmlTestSuite.java:74)
at org.apache.maven.surefire.testng.TestNGProvider.invoke(TestNGProvider.java:123)
at org.apache.maven.surefire.booter.ForkedBooter.runSuitesInProcess(ForkedBooter.java:456)
at org.apache.maven.surefire.booter.ForkedBooter.execute(ForkedBooter.java:169)
at org.apache.maven.surefire.booter.ForkedBooter.run(ForkedBooter.java:595)
at org.apache.maven.surefire.booter.ForkedBooter.main(ForkedBooter.java:581)
]]>
            </full-stacktrace>
          </exception> <!-- org.openqa.selenium.NoSuchElementException -->
          <reporter-output>
          </reporter-output>
        </test-method> <!-- landingpagevalidation -->
        <test-method is-config="true" signature="closingbrowser()[pri:0, instance:E2ERSAProject.RSAProject.landingPage@1df82230]" started-at="2022-04-16T20:11:37 EDT" name="closingbrowser" finished-at="2022-04-16T20:11:37 EDT" duration-ms="80" status="PASS">
          <reporter-output>
          </reporter-output>
        </test-method> <!-- closingbrowser -->
      </class> <!-- E2ERSAProject.RSAProject.landingPage -->
      <class name="E2ERSAProject.RSAProject.practicePage">
        <test-method is-config="true" signature="browserinitialize()[pri:0, instance:E2ERSAProject.RSAProject.practicePage@70be0a2b]" started-at="2022-04-16T20:08:42 EDT" name="browserinitialize" finished-at="2022-04-16T20:11:04 EDT" duration-ms="142267" status="PASS">
          <reporter-output>
          </reporter-output>
        </test-method> <!-- browserinitialize -->
        <test-method signature="practice()[pri:0, instance:E2ERSAProject.RSAProject.practicePage@70be0a2b]" started-at="2022-04-16T20:11:21 EDT" name="practice" finished-at="2022-04-16T20:11:37 EDT" duration-ms="15386" status="PASS">
          <reporter-output>
          </reporter-output>
        </test-method> <!-- practice -->
        <test-method is-config="true" signature="closingbrowser()[pri:0, instance:E2ERSAProject.RSAProject.practicePage@70be0a2b]" started-at="2022-04-16T20:11:37 EDT" name="closingbrowser" finished-at="2022-04-16T20:11:37 EDT" duration-ms="105" status="PASS">
          <reporter-output>
          </reporter-output>
        </test-method> <!-- closingbrowser -->
      </class> <!-- E2ERSAProject.RSAProject.practicePage -->
    </test> <!-- Test -->
  </suite> <!-- Suite -->
</testng-results>
