<?xml version="1.0" encoding="UTF-8"?>
<testng-results ignored="0" total="1" passed="1" failed="0" skipped="0">
  <reporter-output>
  </reporter-output>
  <suite started-at="2022-02-26T00:05:36 EST" name="Default suite" finished-at="2022-02-26T00:05:46 EST" duration-ms="9858">
    <groups>
    </groups>
    <test started-at="2022-02-26T00:05:36 EST" name="Default test" finished-at="2022-02-26T00:05:46 EST" duration-ms="9858">
      <class name="Selenium.testng.flightbooking">
        <test-method signature="flightbook()[pri:0, instance:Selenium.testng.flightbooking@56cdfb3b]" started-at="2022-02-26T00:05:36 EST" name="flightbook" finished-at="2022-02-26T00:05:46 EST" duration-ms="9827" status="PASS">
          <reporter-output>
          </reporter-output>
        </test-method> <!-- flightbook -->
      </class> <!-- Selenium.testng.flightbooking -->
    </test> <!-- Default test -->
  </suite> <!-- Default suite -->
</testng-results>
