<?xml version="1.0" encoding="UTF-8"?>
<testng-results ignored="0" total="1" passed="1" failed="0" skipped="0">
  <reporter-output>
  </reporter-output>
  <suite started-at="2022-02-25T21:00:34 EST" name="Default suite" finished-at="2022-02-25T21:00:40 EST" duration-ms="6086">
    <groups>
    </groups>
    <test started-at="2022-02-25T21:00:34 EST" name="Default test" finished-at="2022-02-25T21:00:40 EST" duration-ms="6086">
      <class name="NCAA.ncaa.rahulshetty">
        <test-method signature="loginpage()[pri:0, instance:NCAA.ncaa.rahulshetty@3232a28a]" started-at="2022-02-25T21:00:34 EST" name="loginpage" finished-at="2022-02-25T21:00:40 EST" duration-ms="6057" status="PASS">
          <reporter-output>
          </reporter-output>
        </test-method> <!-- loginpage -->
      </class> <!-- NCAA.ncaa.rahulshetty -->
    </test> <!-- Default test -->
  </suite> <!-- Default suite -->
</testng-results>
