<?xml version="1.0" encoding="UTF-8"?>
<testng-results ignored="0" total="1" passed="1" failed="0" skipped="0">
  <reporter-output>
  </reporter-output>
  <suite started-at="2022-04-07T19:31:19 EDT" name="Default suite" finished-at="2022-04-07T19:31:38 EDT" duration-ms="18996">
    <groups>
    </groups>
    <test started-at="2022-04-07T19:31:19 EDT" name="Default test" finished-at="2022-04-07T19:31:38 EDT" duration-ms="18996">
      <class name="NCAA.ncaa.nhs">
        <test-method signature="nhs1()[pri:0, instance:NCAA.ncaa.nhs@22ef9844]" started-at="2022-04-07T19:31:19 EDT" name="nhs1" finished-at="2022-04-07T19:31:38 EDT" duration-ms="18964" status="PASS">
          <reporter-output>
          </reporter-output>
        </test-method> <!-- nhs1 -->
      </class> <!-- NCAA.ncaa.nhs -->
    </test> <!-- Default test -->
  </suite> <!-- Default suite -->
</testng-results>
