<testsuite failures="0" name="src/test/java/featurefile/sample.feature" skipped="0" tests="3" time="0.045897">
  <testcase classname="src.test.java.featurefile.sample" name="print hello world" time="0.00781">
    <system-out>* print 'Hello World' ..................................................... passed</system-out>
  </testcase>
  <testcase classname="src.test.java.featurefile.sample" name="add 2 numbers" time="0.020196">
    <system-out>* print 'Hello World' ..................................................... passed
* def int = 300 ........................................................... passed
* def bal = 200 ........................................................... passed
* print 'total' + (int+bal) ............................................... passed</system-out>
  </testcase>
  <testcase classname="src.test.java.featurefile.sample" name="multiplecation" time="0.017891">
    <system-out>* print 'Hello World' ..................................................... passed
* def int = 300 ........................................................... passed
* def bal = 200 ........................................................... passed
* print 'total' + (int+bal) ............................................... passed
* def val1 = 50 ........................................................... passed
* def val2 = 5 ............................................................ passed
* print 'Multiplication' + (val1*val2) .................................... passed</system-out>
  </testcase>
</testsuite>
