<?xml version="1.0" encoding="UTF-8"?>
<testng-results ignored="0" total="1" passed="1" failed="0" skipped="0">
  <reporter-output>
  </reporter-output>
  <suite started-at="2022-02-27T20:57:47 EST" name="Default suite" finished-at="2022-02-27T20:57:47 EST" duration-ms="47">
    <groups>
    </groups>
    <test started-at="2022-02-27T20:57:47 EST" name="Default test" finished-at="2022-02-27T20:57:47 EST" duration-ms="47">
      <class name="Auto.Auto.Gittest">
        <test-method signature="gittest()[pri:0, instance:Auto.Auto.Gittest@36d585c]" started-at="2022-02-27T20:57:47 EST" name="gittest" finished-at="2022-02-27T20:57:47 EST" duration-ms="10" status="PASS">
          <reporter-output>
          </reporter-output>
        </test-method> <!-- gittest -->
      </class> <!-- Auto.Auto.Gittest -->
    </test> <!-- Default test -->
  </suite> <!-- Default suite -->
</testng-results>
