<?xml version="1.0" encoding="UTF-8"?>
<testsuite xmlns:xsi="http://www.w3.org/2001/XMLSchema-instance" xsi:noNamespaceSchemaLocation="https://maven.apache.org/surefire/maven-surefire-plugin/xsd/surefire-test-report.xsd" name="TestSuite" time="477.723" tests="5" errors="0" skipped="0" failures="2">
  <properties>
[...]
</properties>
  <testcase name="homepage" classname="EndtoEnd.EndtoEndAuto.HomePage" time="6.613"/>
  <testcase name="hpvalidation" classname="EndtoEnd.EndtoEndAuto.homefeaturevalidation" time="448.071">
    <failure message="no such window: target window already closed&#10;from unknown error: web view not found&#10;  (Session info: chrome=99.0.4844.51)&#10;Build info: version: &apos;4.1.2&apos;, revision: &apos;9a5a329c5a&apos;&#10;System info: host: &apos;TSPORTS-WNQVH17LW2&apos;, ip: &apos;fe80:0:0:0:10cb:c41c:cdec:d605%en0&apos;, os.name: &apos;Mac OS X&apos;, os.arch: &apos;aarch64&apos;, os.version: &apos;12.1&apos;, java.version: &apos;17.0.2&apos;&#10;Driver info: org.openqa.selenium.chrome.ChromeDriver&#10;Command: [9470d761aa865499321f54f3ccfb6154, findElement {using=css selector, value=input[type=&apos;submit&apos;]}]&#10;Capabilities {acceptInsecureCerts: false, browserName: chrome, browserVersion: 99.0.4844.51, chrome: {chromedriverVersion: 98.0.4758.102 (273bf7ac8c90..., userDataDir: /var/folders/wh/x1b9bbws1cs...}, goog:chromeOptions: {debuggerAddress: localhost:63281}, javascriptEnabled: true, networkConnectionEnabled: false, pageLoadStrategy: normal, platform: MAC, platformName: MAC, proxy: Proxy(), se:cdp: ws://localhost:63281/devtoo..., se:cdpVersion: 99.0.4844.51, setWindowRect: true, strictFileInteractability: false, timeouts: {implicit: 0, pageLoad: 300000, script: 30000}, unhandledPromptBehavior: dismiss and notify, webauthn:extension:credBlob: true, webauthn:extension:largeBlob: true, webauthn:virtualAuthenticators: true}&#10;Session ID: 9470d761aa865499321f54f3ccfb6154" type="org.openqa.selenium.NoSuchWindowException">org.openqa.selenium.NoSuchWindowException: 
no such window: target window already closed
from unknown error: web view not found
  (Session info: chrome=99.0.4844.51)
Build info: version: '4.1.2', revision: '9a5a329c5a'
System info: host: 'TSPORTS-WNQVH17LW2', ip: 'fe80:0:0:0:10cb:c41c:cdec:d605%en0', os.name: 'Mac OS X', os.arch: 'aarch64', os.version: '12.1', java.version: '17.0.2'
Driver info: org.openqa.selenium.chrome.ChromeDriver
Command: [9470d761aa865499321f54f3ccfb6154, findElement {using=css selector, value=input[type='submit']}]
Capabilities {acceptInsecureCerts: false, browserName: chrome, browserVersion: 99.0.4844.51, chrome: {chromedriverVersion: 98.0.4758.102 (273bf7ac8c90..., userDataDir: /var/folders/wh/x1b9bbws1cs...}, goog:chromeOptions: {debuggerAddress: localhost:63281}, javascriptEnabled: true, networkConnectionEnabled: false, pageLoadStrategy: normal, platform: MAC, platformName: MAC, proxy: Proxy(), se:cdp: ws://localhost:63281/devtoo..., se:cdpVersion: 99.0.4844.51, setWindowRect: true, strictFileInteractability: false, timeouts: {implicit: 0, pageLoad: 300000, script: 30000}, unhandledPromptBehavior: dismiss and notify, webauthn:extension:credBlob: true, webauthn:extension:largeBlob: true, webauthn:virtualAuthenticators: true}
Session ID: 9470d761aa865499321f54f3ccfb6154
	at EndtoEnd.EndtoEndAuto.homefeaturevalidation.hpvalidation(homefeaturevalidation.java:29)
</failure>
  </testcase>
  <testcase name="aftertes" classname="EndtoEnd.EndtoEndAuto.homefeaturevalidation" time="448.141">
    <failure message="no such window: target window already closed&#10;from unknown error: web view not found&#10;  (Session info: chrome=99.0.4844.51)&#10;Build info: version: &apos;4.1.2&apos;, revision: &apos;9a5a329c5a&apos;&#10;System info: host: &apos;TSPORTS-WNQVH17LW2&apos;, ip: &apos;fe80:0:0:0:10cb:c41c:cdec:d605%en0&apos;, os.name: &apos;Mac OS X&apos;, os.arch: &apos;aarch64&apos;, os.version: &apos;12.1&apos;, java.version: &apos;17.0.2&apos;&#10;Driver info: org.openqa.selenium.chrome.ChromeDriver&#10;Command: [9470d761aa865499321f54f3ccfb6154, close {}]&#10;Capabilities {acceptInsecureCerts: false, browserName: chrome, browserVersion: 99.0.4844.51, chrome: {chromedriverVersion: 98.0.4758.102 (273bf7ac8c90..., userDataDir: /var/folders/wh/x1b9bbws1cs...}, goog:chromeOptions: {debuggerAddress: localhost:63281}, javascriptEnabled: true, networkConnectionEnabled: false, pageLoadStrategy: normal, platform: MAC, platformName: MAC, proxy: Proxy(), se:cdp: ws://localhost:63281/devtoo..., se:cdpVersion: 99.0.4844.51, setWindowRect: true, strictFileInteractability: false, timeouts: {implicit: 0, pageLoad: 300000, script: 30000}, unhandledPromptBehavior: dismiss and notify, webauthn:extension:credBlob: true, webauthn:extension:largeBlob: true, webauthn:virtualAuthenticators: true}&#10;Session ID: 9470d761aa865499321f54f3ccfb6154" type="org.openqa.selenium.NoSuchWindowException">org.openqa.selenium.NoSuchWindowException: 
no such window: target window already closed
from unknown error: web view not found
  (Session info: chrome=99.0.4844.51)
Build info: version: '4.1.2', revision: '9a5a329c5a'
System info: host: 'TSPORTS-WNQVH17LW2', ip: 'fe80:0:0:0:10cb:c41c:cdec:d605%en0', os.name: 'Mac OS X', os.arch: 'aarch64', os.version: '12.1', java.version: '17.0.2'
Driver info: org.openqa.selenium.chrome.ChromeDriver
Command: [9470d761aa865499321f54f3ccfb6154, close {}]
Capabilities {acceptInsecureCerts: false, browserName: chrome, browserVersion: 99.0.4844.51, chrome: {chromedriverVersion: 98.0.4758.102 (273bf7ac8c90..., userDataDir: /var/folders/wh/x1b9bbws1cs...}, goog:chromeOptions: {debuggerAddress: localhost:63281}, javascriptEnabled: true, networkConnectionEnabled: false, pageLoadStrategy: normal, platform: MAC, platformName: MAC, proxy: Proxy(), se:cdp: ws://localhost:63281/devtoo..., se:cdpVersion: 99.0.4844.51, setWindowRect: true, strictFileInteractability: false, timeouts: {implicit: 0, pageLoad: 300000, script: 30000}, unhandledPromptBehavior: dismiss and notify, webauthn:extension:credBlob: true, webauthn:extension:largeBlob: true, webauthn:virtualAuthenticators: true}
Session ID: 9470d761aa865499321f54f3ccfb6154
	at EndtoEnd.EndtoEndAuto.homefeaturevalidation.aftertes(homefeaturevalidation.java:34)
</failure>
  </testcase>
  <testcase name="runScenario" classname="testRunner.testRunner" time="9.401"/>
  <testcase name="runScenario" classname="testRunner.testRunner" time="9.329"/>
</testsuite>