<?xml version="1.0" encoding="UTF-8"?>
<!-- Generated by org.testng.reporters.JUnitXMLReporter -->
<testsuite hostname="TSPORTS-WNQVH17LW2" ignored="0" name="Default test" tests="2" failures="0" timestamp="2022-04-16T20:16:24 EDT" time="35.971" errors="0">
  <testcase name="landingpagevalidation" time="13.569" classname="E2ERSAProject.RSAProject.landingPage"/>
  <testcase name="landingpagevalidation" time="15.554" classname="E2ERSAProject.RSAProject.landingPage"/>
</testsuite> <!-- Default test -->
